2015-05-22 16:24:24,164 INFO:start running
2015-05-22 16:24:24,164 DEBUG:looks good
2015-05-22 16:24:59,207 INFO:start running
2015-05-22 16:24:59,207 DEBUG:looks good
2015-05-22 16:25:22,657 INFO:start running
2015-05-22 16:25:22,657 DEBUG:looks good
2015-05-22 16:27:19,094 INFO:start running
2015-05-22 16:27:19,094 DEBUG:looks good
2015-05-22 16:28:01,936 INFO:start running
2015-05-22 16:28:01,936 DEBUG:looks good
2015-05-22 16:28:56,339 INFO:start running
2015-05-22 16:28:56,339 DEBUG:looks good
2015-05-22 16:36:04,138 INFO:start running
2015-05-22 16:36:04,138 DEBUG:looks good
2015-05-22 16:38:57,232 INFO:start running
2015-05-22 16:38:57,232 DEBUG:looks good
2015-05-22 16:41:38,401 INFO:start running
2015-05-22 16:41:38,401 DEBUG:looks good
2015-05-22 16:42:03,190 INFO:start running
2015-05-22 16:42:03,190 DEBUG:looks good
2015-05-22 16:43:25,466 INFO:start running
2015-05-22 16:43:25,466 DEBUG:looks good
2015-05-22 17:28:28,799 INFO:start running
2015-05-22 17:28:28,799 DEBUG:looks good
2015-05-22 17:29:43,502 INFO:start running
2015-05-22 17:29:43,502 DEBUG:looks good
2015-05-22 17:36:00,118 INFO:start running
2015-05-22 17:36:00,118 DEBUG:looks good
2015-05-22 17:36:54,588 INFO:start running
2015-05-22 17:36:54,588 DEBUG:looks good
2015-05-22 17:38:01,789 INFO:start running
2015-05-22 17:38:01,789 DEBUG:looks good
2015-05-22 17:39:23,910 INFO:start running
2015-05-22 17:39:23,910 DEBUG:looks good
2015-05-26 11:26:56,344 INFO:start running
2015-05-26 11:26:56,344 DEBUG:looks good
2015-05-26 11:33:07,463 INFO:start running
2015-05-26 11:34:42,026 INFO:start running
2015-05-26 12:11:29,405 INFO:start running
2015-05-26 12:15:01,559 INFO:start running
2015-05-26 12:16:07,927 INFO:start running
2015-05-26 12:16:11,752 ERROR:this line processed uncorrect
2015-05-26 12:18:36,776 INFO:start running
2015-05-26 12:18:40,612 ERROR:this line processed uncorrect Estimate; Total social security income:,['Id', 'Id2', 'Geography', 'Id', 'Population Group', 'Estimate; Total:', 'Margin of Error; Total:', 'Estimate; Total: - With Social Security income', 'Margin of Error; Total: - With Social Security income', 'Estimate; Total: - No Social Security income', 'Margin of Error; Total: - No Social Security income']
2015-05-26 12:21:10,674 INFO:start running
2015-05-26 12:21:14,510 ERROR:this line processed uncorrect. line:Estimate; Total social security income:
 matched:['Id', 'Id2', 'Geography', 'Id', 'Population Group', 'Estimate; Total:', 'Margin of Error; Total:', 'Estimate; Total: - With Social Security income', 'Margin of Error; Total: - With Social Security income', 'Estimate; Total: - No Social Security income', 'Margin of Error; Total: - No Social Security income']
